<?xml version="1.0" encoding="UTF-8"?>
<!-- Generated by org.testng.reporters.JUnitReportReporter -->
<testsuite skipped="0" hostname="Arul-PC" name="Request.GetData" tests="2" failures="0" timestamp="27 Jan 2019 06:35:46 GMT" time="14.349" errors="0">
  <testcase name="testResponse" time="13.302" classname="Request.GetData"/>
  <testcase name="testres2" time="1.047" classname="Request.GetData"/>
</testsuite> <!-- Request.GetData -->
